<?xml version="1.0" encoding="UTF-8"?>
<!-- Generated by org.testng.reporters.JUnitReportReporter -->
<testsuite name="testNGDemo.Ex2" tests="2" time="0.011" ignored="0" failures="0" timestamp="22 Feb 2020 05:05:21 GMT" skipped="0" hostname="Grandhi" errors="0">
  <testcase name="TC02" time="0.003" classname="testNGDemo.Ex2"/>
  <testcase name="TC01" time="0.008" classname="testNGDemo.Ex2"/>
</testsuite> <!-- testNGDemo.Ex2 -->
