<?xml version="1.0" encoding="UTF-8"?>
<!-- Generated by org.testng.reporters.JUnitReportReporter -->
<testsuite name="testNGDemo.Ex1" tests="2" time="0.000" ignored="1" failures="0" timestamp="21 Feb 2020 03:32:13 GMT" skipped="0" hostname="Grandhi" errors="0">
  <testcase name="TC06" time="0.000" classname="testNGDemo.Ex1"/>
  <testcase name="TC07" time="0.000" classname="testNGDemo.Ex1"/>
  <testcase name="TC05" classname="testNGDemo.Ex1">
    <skipped/>
  </testcase> <!-- TC05 -->
</testsuite> <!-- testNGDemo.Ex1 -->
