<?xml version="1.0" encoding="UTF-8"?>
<!-- Generated by org.testng.reporters.JUnitReportReporter -->
<testsuite name="testNGDemo.Ex3" tests="2" time="0.002" ignored="0" failures="0" timestamp="22 Feb 2020 05:05:21 GMT" skipped="0" hostname="Grandhi" errors="0">
  <testcase name="TC04" time="0.001" classname="testNGDemo.Ex3"/>
  <testcase name="TC03" time="0.001" classname="testNGDemo.Ex3"/>
</testsuite> <!-- testNGDemo.Ex3 -->
